{
  "RSpec": {
    "coverage": {
      "/Users/User/code/customer_support_ticketing_system/app/helpers/application_helper.rb": [
        1,
        1,
        null,
        null,
        null,
        null,
        null,
        null,
        null,
        null,
        null,
        null,
        null,
        null,
        1,
        0,
        0,
        0,
        null,
        null,
        null,
        null,
        null,
        0,
        null,
        null,
        null
      ],
      "/Users/User/code/customer_support_ticketing_system/app/helpers/comments_helper.rb": [
        1,
        null
      ],
      "/Users/User/code/customer_support_ticketing_system/app/helpers/devise/users_helper.rb": [
        1,
        1,
        1,
        0,
        0,
        null,
        null,
        null
      ],
      "/Users/User/code/customer_support_ticketing_system/app/helpers/reports_helper.rb": [
        1,
        null
      ],
      "/Users/User/code/customer_support_ticketing_system/app/helpers/tickets_helper.rb": [
        1,
        null
      ],
      "/Users/User/code/customer_support_ticketing_system/app/models/user.rb": [
        1,
        1,
        null,
        1,
        1,
        null,
        1,
        null,
        1,
        1,
        null,
        null,
        null,
        1,
        null,
        null,
        1,
        null,
        null,
        null,
        0,
        null,
        null,
        null,
        1,
        0,
        0,
        null,
        0,
        null,
        0,
        null,
        0,
        null,
        0,
        null,
        null,
        1,
        1,
        0,
        null,
        null
      ],
      "/Users/User/code/customer_support_ticketing_system/app/models/application_record.rb": [
        1,
        1,
        null
      ],
      "/Users/User/code/customer_support_ticketing_system/app/controllers/comments_controller.rb": [
        1,
        1,
        null,
        null,
        null,
        1,
        0,
        null,
        null,
        null,
        null,
        1,
        null,
        null,
        null,
        1,
        0,
        null,
        null,
        null,
        1,
        null,
        null,
        null,
        null,
        1,
        0,
        null,
        0,
        0,
        0,
        0,
        null,
        0,
        0,
        null,
        null,
        null,
        null,
        null,
        null,
        1,
        0,
        0,
        0,
        0,
        null,
        0,
        0,
        null,
        null,
        null,
        null,
        null,
        null,
        1,
        0,
        0,
        0,
        0,
        null,
        null,
        null,
        1,
        null,
        1,
        0,
        null,
        null,
        null,
        1,
        0,
        null,
        null
      ],
      "/Users/User/code/customer_support_ticketing_system/app/controllers/application_controller.rb": [
        1,
        1,
        null,
        1,
        null,
        1,
        null,
        1,
        0,
        null,
        null,
        null,
        null
      ],
      "/Users/User/code/customer_support_ticketing_system/app/controllers/reports_controller.rb": [
        1,
        1,
        0,
        0,
        null,
        null
      ],
      "/Users/User/code/customer_support_ticketing_system/app/controllers/tickets_controller.rb": [
        1,
        1,
        null,
        null,
        null,
        1,
        0,
        null,
        null,
        null,
        null,
        1,
        null,
        null,
        null,
        1,
        0,
        null,
        null,
        null,
        1,
        null,
        null,
        null,
        null,
        1,
        0,
        0,
        0,
        0,
        0,
        0,
        null,
        0,
        0,
        null,
        null,
        null,
        null,
        null,
        null,
        1,
        0,
        0,
        0,
        0,
        null,
        0,
        0,
        null,
        null,
        null,
        null,
        null,
        null,
        1,
        0,
        0,
        0,
        0,
        null,
        null,
        null,
        1,
        null,
        1,
        0,
        null,
        null,
        null,
        1,
        0,
        null,
        null
      ],
      "/Users/User/code/customer_support_ticketing_system/app/models/comment.rb": [
        1,
        1,
        1,
        null,
        1,
        null
      ],
      "/Users/User/code/customer_support_ticketing_system/app/models/last_one_month_closed_tickets_report.rb": [
        1,
        1,
        0,
        0,
        0,
        null,
        null
      ],
      "/Users/User/code/customer_support_ticketing_system/app/models/report.rb": [
        1,
        1,
        1,
        null,
        1,
        null,
        1,
        0,
        null,
        null,
        1,
        0,
        0,
        0,
        null,
        null,
        1,
        1,
        1,
        0,
        null,
        null
      ],
      "/Users/User/code/customer_support_ticketing_system/app/models/ticket.rb": [
        1,
        1,
        null,
        1,
        1,
        1,
        null,
        1,
        null,
        1,
        null,
        1,
        null,
        1,
        0,
        0,
        0,
        0,
        0,
        null,
        null,
        null,
        null
      ],
      "/Users/User/code/customer_support_ticketing_system/app/channels/application_cable/channel.rb": [
        0,
        0,
        0,
        0
      ],
      "/Users/User/code/customer_support_ticketing_system/app/channels/application_cable/connection.rb": [
        0,
        0,
        0,
        0
      ],
      "/Users/User/code/customer_support_ticketing_system/app/controllers/pages_controller.rb": [
        0,
        0,
        0,
        0,
        0
      ],
      "/Users/User/code/customer_support_ticketing_system/app/jobs/application_job.rb": [
        0,
        0
      ],
      "/Users/User/code/customer_support_ticketing_system/app/mailers/application_mailer.rb": [
        0,
        0,
        0,
        0
      ],
      "/Users/User/code/customer_support_ticketing_system/app/models/customer.rb": [
        0,
        0,
        0,
        0,
        0,
        0,
        0
      ],
      "/Users/User/code/customer_support_ticketing_system/app/models/support_agent.rb": [
        0,
        0,
        0,
        0,
        0
      ]
    },
    "timestamp": 1486636877
  }
}
